# JRE version: OpenJDK Runtime Environment Temurin-21.0.8+9 (21.0.8+9) (build 21.0.8+9-LTS)
# Java VM: OpenJDK 64-Bit Server VM Temurin-21.0.8+9 (21.0.8+9-LTS, mixed mode, sharing, tiered, compressed oops, compressed class ptrs, parallel gc, windows-amd64)
GC Precious Log:
 CardTable entry size: 512
 CPUs: 12 total, 12 available
 Memory: 12012M
 Large Page Support: Disabled
 NUMA Support: Disabled
 Compressed Oops: Enabled (32-bit)
 Alignments: Space 512K, Generation 512K, Heap 2M
 Heap Min Capacity: 100M
 Heap Initial Capacity: 100M
 Heap Max Capacity: 2G
 Pre-touch: Disabled
 Parallel Workers: 10
Heap:
 PSYoungGen      total 3584K, used 1471K [0x00000000d5580000, 0x00000000d5a80000, 0x0000000100000000)
  eden space 2560K, 36% used [0x00000000d5580000,0x00000000d566cc58,0x00000000d5800000)
  from space 1024K, 51% used [0x00000000d5980000,0x00000000d5a02fb0,0x00000000d5a80000)
  to   space 1024K, 0% used [0x00000000d5800000,0x00000000d5800000,0x00000000d5900000)
 ParOldGen       total 367616K, used 367129K [0x0000000080000000, 0x0000000096700000, 0x00000000d5580000)
  object space 367616K, 99% used [0x0000000080000000,0x0000000096686550,0x0000000096700000)
 Metaspace       used 78957K, committed 80576K, reserved 1179648K
  class space    used 8304K, committed 9024K, reserved 1048576K
GC Heap History (20 events):
Event: 136.201 GC heap before
{Heap before GC invocations=1359 (full 4):
 PSYoungGen      total 3072K, used 3008K [0x00000000d5580000, 0x00000000d5980000, 0x0000000100000000)
  eden space 2560K, 100% used [0x00000000d5580000,0x00000000d5800000,0x00000000d5800000)
  from space 512K, 87% used [0x00000000d5900000,0x00000000d5970000,0x00000000d5980000)
  to   space 512K, 0% used [0x00000000d5880000,0x00000000d5880000,0x00000000d5900000)
 ParOldGen       total 362496K, used 362379K [0x0000000080000000, 0x0000000096200000, 0x00000000d5580000)
  object space 362496K, 99% used [0x0000000080000000,0x00000000961e2c40,0x0000000096200000)
 Metaspace       used 78957K, committed 80576K, reserved 1179648K
  class space    used 8304K, committed 9024K, reserved 1048576K
}
Event: 136.204 GC heap after
{Heap after GC invocations=1359 (full 4):
 PSYoungGen      total 3072K, used 480K [0x00000000d5580000, 0x00000000d5980000, 0x0000000100000000)
  eden space 2560K, 0% used [0x00000000d5580000,0x00000000d5580000,0x00000000d5800000)
  from space 512K, 93% used [0x00000000d5880000,0x00000000d58f8000,0x00000000d5900000)
  to   space 512K, 0% used [0x00000000d5900000,0x00000000d5900000,0x00000000d5980000)
 ParOldGen       total 363008K, used 362731K [0x0000000080000000, 0x0000000096280000, 0x00000000d5580000)
  object space 363008K, 99% used [0x0000000080000000,0x000000009623ac40,0x0000000096280000)
 Metaspace       used 78957K, committed 80576K, reserved 1179648K
  class space    used 8304K, committed 9024K, reserved 1048576K
}
Event: 136.219 GC heap before
{Heap before GC invocations=1360 (full 4):
 PSYoungGen      total 3072K, used 3040K [0x00000000d5580000, 0x00000000d5980000, 0x0000000100000000)
  eden space 2560K, 100% used [0x00000000d5580000,0x00000000d5800000,0x00000000d5800000)
  from space 512K, 93% used [0x00000000d5880000,0x00000000d58f8000,0x00000000d5900000)
  to   space 512K, 0% used [0x00000000d5900000,0x00000000d5900000,0x00000000d5980000)
 ParOldGen       total 363008K, used 362731K [0x0000000080000000, 0x0000000096280000, 0x00000000d5580000)
  object space 363008K, 99% used [0x0000000080000000,0x000000009623ac40,0x0000000096280000)
 Metaspace       used 78957K, committed 80576K, reserved 1179648K
  class space    used 8304K, committed 9024K, reserved 1048576K
}
Event: 136.221 GC heap after
{Heap after GC invocations=1360 (full 4):
 PSYoungGen      total 3072K, used 384K [0x00000000d5580000, 0x00000000d5980000, 0x0000000100000000)
  eden space 2560K, 0% used [0x00000000d5580000,0x00000000d5580000,0x00000000d5800000)
  from space 512K, 75% used [0x00000000d5900000,0x00000000d5960000,0x00000000d5980000)
  to   space 512K, 0% used [0x00000000d5880000,0x00000000d5880000,0x00000000d5900000)
 ParOldGen       total 363520K, used 363059K [0x0000000080000000, 0x0000000096300000, 0x00000000d5580000)
  object space 363520K, 99% used [0x0000000080000000,0x000000009628cc40,0x0000000096300000)
 Metaspace       used 78957K, committed 80576K, reserved 1179648K
  class space    used 8304K, committed 9024K, reserved 1048576K
}
Event: 136.235 GC heap before
{Heap before GC invocations=1361 (full 4):
 PSYoungGen      total 3072K, used 2944K [0x00000000d5580000, 0x00000000d5980000, 0x0000000100000000)
  eden space 2560K, 100% used [0x00000000d5580000,0x00000000d5800000,0x00000000d5800000)
  from space 512K, 75% used [0x00000000d5900000,0x00000000d5960000,0x00000000d5980000)
  to   space 512K, 0% used [0x00000000d5880000,0x00000000d5880000,0x00000000d5900000)
 ParOldGen       total 363520K, used 363059K [0x0000000080000000, 0x0000000096300000, 0x00000000d5580000)
  object space 363520K, 99% used [0x0000000080000000,0x000000009628cc40,0x0000000096300000)
 Metaspace       used 78957K, committed 80576K, reserved 1179648K
  class space    used 8304K, committed 9024K, reserved 1048576K
}
Event: 136.237 GC heap after
{Heap after GC invocations=1361 (full 4):
 PSYoungGen      total 3072K, used 416K [0x00000000d5580000, 0x00000000d5980000, 0x0000000100000000)
  eden space 2560K, 0% used [0x00000000d5580000,0x00000000d5580000,0x00000000d5800000)
  from space 512K, 81% used [0x00000000d5880000,0x00000000d58e8000,0x00000000d5900000)
  to   space 512K, 0% used [0x00000000d5900000,0x00000000d5900000,0x00000000d5980000)
 ParOldGen       total 363520K, used 363355K [0x0000000080000000, 0x0000000096300000, 0x00000000d5580000)
  object space 363520K, 99% used [0x0000000080000000,0x00000000962d6c40,0x0000000096300000)
 Metaspace       used 78957K, committed 80576K, reserved 1179648K
  class space    used 8304K, committed 9024K, reserved 1048576K
}
Event: 136.251 GC heap before
{Heap before GC invocations=1362 (full 4):
 PSYoungGen      total 3072K, used 2976K [0x00000000d5580000, 0x00000000d5980000, 0x0000000100000000)
  eden space 2560K, 100% used [0x00000000d5580000,0x00000000d5800000,0x00000000d5800000)
  from space 512K, 81% used [0x00000000d5880000,0x00000000d58e8000,0x00000000d5900000)
  to   space 512K, 0% used [0x00000000d5900000,0x00000000d5900000,0x00000000d5980000)
 ParOldGen       total 363520K, used 363355K [0x0000000080000000, 0x0000000096300000, 0x00000000d5580000)
  object space 363520K, 99% used [0x0000000080000000,0x00000000962d6c40,0x0000000096300000)
 Metaspace       used 78957K, committed 80576K, reserved 1179648K
  class space    used 8304K, committed 9024K, reserved 1048576K
}
Event: 136.254 GC heap after
{Heap after GC invocations=1362 (full 4):
 PSYoungGen      total 3072K, used 416K [0x00000000d5580000, 0x00000000d5980000, 0x0000000100000000)
  eden space 2560K, 0% used [0x00000000d5580000,0x00000000d5580000,0x00000000d5800000)
  from space 512K, 81% used [0x00000000d5900000,0x00000000d5968000,0x00000000d5980000)
  to   space 512K, 0% used [0x00000000d5880000,0x00000000d5880000,0x00000000d5900000)
 ParOldGen       total 364032K, used 363651K [0x0000000080000000, 0x0000000096380000, 0x00000000d5580000)
  object space 364032K, 99% used [0x0000000080000000,0x0000000096320c40,0x0000000096380000)
 Metaspace       used 78957K, committed 80576K, reserved 1179648K
  class space    used 8304K, committed 9024K, reserved 1048576K
}
Event: 136.269 GC heap before
{Heap before GC invocations=1363 (full 4):
 PSYoungGen      total 3072K, used 2976K [0x00000000d5580000, 0x00000000d5980000, 0x0000000100000000)
  eden space 2560K, 100% used [0x00000000d5580000,0x00000000d5800000,0x00000000d5800000)
  from space 512K, 81% used [0x00000000d5900000,0x00000000d5968000,0x00000000d5980000)
  to   space 512K, 0% used [0x00000000d5880000,0x00000000d5880000,0x00000000d5900000)
 ParOldGen       total 364032K, used 363651K [0x0000000080000000, 0x0000000096380000, 0x00000000d5580000)
  object space 364032K, 99% used [0x0000000080000000,0x0000000096320c40,0x0000000096380000)
 Metaspace       used 78957K, committed 80576K, reserved 1179648K
  class space    used 8304K, committed 9024K, reserved 1048576K
}
Event: 136.272 GC heap after
{Heap after GC invocations=1363 (full 4):
 PSYoungGen      total 3072K, used 352K [0x00000000d5580000, 0x00000000d5980000, 0x0000000100000000)
  eden space 2560K, 0% used [0x00000000d5580000,0x00000000d5580000,0x00000000d5800000)
  from space 512K, 68% used [0x00000000d5880000,0x00000000d58d8000,0x00000000d5900000)
  to   space 512K, 0% used [0x00000000d5900000,0x00000000d5900000,0x00000000d5980000)
 ParOldGen       total 364032K, used 363939K [0x0000000080000000, 0x0000000096380000, 0x00000000d5580000)
  object space 364032K, 99% used [0x0000000080000000,0x0000000096368c40,0x0000000096380000)
 Metaspace       used 78957K, committed 80576K, reserved 1179648K
  class space    used 8304K, committed 9024K, reserved 1048576K
}
Event: 136.290 GC heap before
{Heap before GC invocations=1364 (full 4):
 PSYoungGen      total 3072K, used 2912K [0x00000000d5580000, 0x00000000d5980000, 0x0000000100000000)
  eden space 2560K, 100% used [0x00000000d5580000,0x00000000d5800000,0x00000000d5800000)
  from space 512K, 68% used [0x00000000d5880000,0x00000000d58d8000,0x00000000d5900000)
  to   space 512K, 0% used [0x00000000d5900000,0x00000000d5900000,0x00000000d5980000)
 ParOldGen       total 364032K, used 363939K [0x0000000080000000, 0x0000000096380000, 0x00000000d5580000)
  object space 364032K, 99% used [0x0000000080000000,0x0000000096368c40,0x0000000096380000)
 Metaspace       used 78957K, committed 80576K, reserved 1179648K
  class space    used 8304K, committed 9024K, reserved 1048576K
}
Event: 136.294 GC heap after
{Heap after GC invocations=1364 (full 4):
 PSYoungGen      total 3072K, used 504K [0x00000000d5580000, 0x00000000d5a00000, 0x0000000100000000)
  eden space 2560K, 0% used [0x00000000d5580000,0x00000000d5580000,0x00000000d5800000)
  from space 512K, 98% used [0x00000000d5900000,0x00000000d597e008,0x00000000d5980000)
  to   space 1024K, 0% used [0x00000000d5800000,0x00000000d5800000,0x00000000d5900000)
 ParOldGen       total 364544K, used 364251K [0x0000000080000000, 0x0000000096400000, 0x00000000d5580000)
  object space 364544K, 99% used [0x0000000080000000,0x00000000963b6c40,0x0000000096400000)
 Metaspace       used 78957K, committed 80576K, reserved 1179648K
  class space    used 8304K, committed 9024K, reserved 1048576K
}
Event: 136.314 GC heap before
{Heap before GC invocations=1365 (full 4):
 PSYoungGen      total 3072K, used 3064K [0x00000000d5580000, 0x00000000d5a00000, 0x0000000100000000)
  eden space 2560K, 100% used [0x00000000d5580000,0x00000000d5800000,0x00000000d5800000)
  from space 512K, 98% used [0x00000000d5900000,0x00000000d597e008,0x00000000d5980000)
  to   space 1024K, 0% used [0x00000000d5800000,0x00000000d5800000,0x00000000d5900000)
 ParOldGen       total 364544K, used 364251K [0x0000000080000000, 0x0000000096400000, 0x00000000d5580000)
  object space 364544K, 99% used [0x0000000080000000,0x00000000963b6c40,0x0000000096400000)
 Metaspace       used 78957K, committed 80576K, reserved 1179648K
  class space    used 8304K, committed 9024K, reserved 1048576K
}
Event: 137.320 GC heap after
{Heap after GC invocations=1365 (full 4):
 PSYoungGen      total 3584K, used 448K [0x00000000d5580000, 0x00000000d5a80000, 0x0000000100000000)
  eden space 2560K, 0% used [0x00000000d5580000,0x00000000d5580000,0x00000000d5800000)
  from space 1024K, 43% used [0x00000000d5800000,0x00000000d5870000,0x00000000d5900000)
  to   space 1024K, 0% used [0x00000000d5980000,0x00000000d5980000,0x00000000d5a80000)
 ParOldGen       total 365056K, used 364739K [0x0000000080000000, 0x0000000096480000, 0x00000000d5580000)
  object space 365056K, 99% used [0x0000000080000000,0x0000000096430c48,0x0000000096480000)
 Metaspace       used 78957K, committed 80576K, reserved 1179648K
  class space    used 8304K, committed 9024K, reserved 1048576K
}
Event: 137.334 GC heap before
{Heap before GC invocations=1366 (full 4):
 PSYoungGen      total 3584K, used 3008K [0x00000000d5580000, 0x00000000d5a80000, 0x0000000100000000)
  eden space 2560K, 100% used [0x00000000d5580000,0x00000000d5800000,0x00000000d5800000)
  from space 1024K, 43% used [0x00000000d5800000,0x00000000d5870000,0x00000000d5900000)
  to   space 1024K, 0% used [0x00000000d5980000,0x00000000d5980000,0x00000000d5a80000)
 ParOldGen       total 365056K, used 364739K [0x0000000080000000, 0x0000000096480000, 0x00000000d5580000)
  object space 365056K, 99% used [0x0000000080000000,0x0000000096430c48,0x0000000096480000)
 Metaspace       used 78957K, committed 80576K, reserved 1179648K
  class space    used 8304K, committed 9024K, reserved 1048576K
}
Event: 137.337 GC heap after
{Heap after GC invocations=1366 (full 4):
 PSYoungGen      total 3584K, used 497K [0x00000000d5580000, 0x00000000d5a00000, 0x0000000100000000)
  eden space 3072K, 0% used [0x00000000d5580000,0x00000000d5580000,0x00000000d5880000)
  from space 512K, 97% used [0x00000000d5980000,0x00000000d59fc710,0x00000000d5a00000)
  to   space 512K, 0% used [0x00000000d5900000,0x00000000d5900000,0x00000000d5980000)
 ParOldGen       total 365056K, used 364995K [0x0000000080000000, 0x0000000096480000, 0x00000000d5580000)
  object space 365056K, 99% used [0x0000000080000000,0x0000000096470c48,0x0000000096480000)
 Metaspace       used 78957K, committed 80576K, reserved 1179648K
  class space    used 8304K, committed 9024K, reserved 1048576K
}
Event: 137.359 GC heap before
{Heap before GC invocations=1367 (full 4):
 PSYoungGen      total 3584K, used 3569K [0x00000000d5580000, 0x00000000d5a00000, 0x0000000100000000)
  eden space 3072K, 100% used [0x00000000d5580000,0x00000000d5880000,0x00000000d5880000)
  from space 512K, 97% used [0x00000000d5980000,0x00000000d59fc710,0x00000000d5a00000)
  to   space 512K, 0% used [0x00000000d5900000,0x00000000d5900000,0x00000000d5980000)
 ParOldGen       total 365056K, used 364995K [0x0000000080000000, 0x0000000096480000, 0x00000000d5580000)
  object space 365056K, 99% used [0x0000000080000000,0x0000000096470c48,0x0000000096480000)
 Metaspace       used 78957K, committed 80576K, reserved 1179648K
  class space    used 8304K, committed 9024K, reserved 1048576K
}
Event: 137.361 GC heap after
{Heap after GC invocations=1367 (full 4):
 PSYoungGen      total 4096K, used 480K [0x00000000d5580000, 0x00000000d5a80000, 0x0000000100000000)
  eden space 3584K, 0% used [0x00000000d5580000,0x00000000d5580000,0x00000000d5900000)
  from space 512K, 93% used [0x00000000d5900000,0x00000000d5978000,0x00000000d5980000)
  to   space 512K, 0% used [0x00000000d5a00000,0x00000000d5a00000,0x00000000d5a80000)
 ParOldGen       total 365568K, used 365307K [0x0000000080000000, 0x0000000096500000, 0x00000000d5580000)
  object space 365568K, 99% used [0x0000000080000000,0x00000000964bec48,0x0000000096500000)
 Metaspace       used 78957K, committed 80576K, reserved 1179648K
  class space    used 8304K, committed 9024K, reserved 1048576K
}
Event: 137.396 GC heap before
{Heap before GC invocations=1368 (full 4):
 PSYoungGen      total 4096K, used 4064K [0x00000000d5580000, 0x00000000d5a80000, 0x0000000100000000)
  eden space 3584K, 100% used [0x00000000d5580000,0x00000000d5900000,0x00000000d5900000)
  from space 512K, 93% used [0x00000000d5900000,0x00000000d5978000,0x00000000d5980000)
  to   space 512K, 0% used [0x00000000d5a00000,0x00000000d5a00000,0x00000000d5a80000)
 ParOldGen       total 365568K, used 365307K [0x0000000080000000, 0x0000000096500000, 0x00000000d5580000)
  object space 365568K, 99% used [0x0000000080000000,0x00000000964bec48,0x0000000096500000)
 Metaspace       used 78957K, committed 80576K, reserved 1179648K
  class space    used 8304K, committed 9024K, reserved 1048576K
}
Event: 137.399 GC heap after
{Heap after GC invocations=1368 (full 4):
 PSYoungGen      total 3072K, used 497K [0x00000000d5580000, 0x00000000d5e00000, 0x0000000100000000)
  eden space 2560K, 0% used [0x00000000d5580000,0x00000000d5580000,0x00000000d5800000)
  from space 512K, 97% used [0x00000000d5a00000,0x00000000d5a7c7c0,0x00000000d5a80000)
  to   space 2048K, 0% used [0x00000000d5800000,0x00000000d5800000,0x00000000d5a00000)
 ParOldGen       total 366592K, used 366206K [0x0000000080000000, 0x0000000096600000, 0x00000000d5580000)
  object space 366592K, 99% used [0x0000000080000000,0x000000009659f808,0x0000000096600000)
 Metaspace       used 78957K, committed 80576K, reserved 1179648K
  class space    used 8304K, committed 9024K, reserved 1048576K
}

